{"/home/tawfik/Documents/repos/week3_espionageProject/javascript/test.js":{"path":"/home/tawfik/Documents/repos/week3_espionageProject/javascript/test.js","s":{"1":1,"2":1,"3":1,"4":1,"5":1},"b":{},"f":{"1":1},"fnMap":{"1":{"name":"(anonymous_1)","line":3,"loc":{"start":{"line":3,"column":36},"end":{"line":3,"column":48}}}},"statementMap":{"1":{"start":{"line":1,"column":0},"end":{"line":1,"column":29}},"2":{"start":{"line":2,"column":0},"end":{"line":2,"column":49}},"3":{"start":{"line":3,"column":0},"end":{"line":6,"column":3}},"4":{"start":{"line":4,"column":2},"end":{"line":4,"column":33}},"5":{"start":{"line":5,"column":2},"end":{"line":5,"column":10}}},"branchMap":{}},"/home/tawfik/Documents/repos/week3_espionageProject/javascript/logic-github.js":{"path":"/home/tawfik/Documents/repos/week3_espionageProject/javascript/logic-github.js","s":{"1":1,"2":0,"3":0,"4":1,"5":1},"b":{"1":[1,0]},"f":{"1":0,"2":0,"3":0,"4":0,"5":0},"fnMap":{"1":{"name":"(anonymous_1)","line":2,"loc":{"start":{"line":2,"column":16},"end":{"line":2,"column":32}}},"2":{"name":"(anonymous_2)","line":5,"loc":{"start":{"line":5,"column":16},"end":{"line":5,"column":37}}},"3":{"name":"(anonymous_3)","line":11,"loc":{"start":{"line":11,"column":17},"end":{"line":11,"column":37}}},"4":{"name":"(anonymous_4)","line":15,"loc":{"start":{"line":15,"column":20},"end":{"line":15,"column":40}}},"5":{"name":"(anonymous_5)","line":18,"loc":{"start":{"line":18,"column":15},"end":{"line":18,"column":35}}}},"statementMap":{"1":{"start":{"line":1,"column":0},"end":{"line":21,"column":2}},"2":{"start":{"line":12,"column":4},"end":{"line":12,"column":22}},"3":{"start":{"line":16,"column":4},"end":{"line":16,"column":22}},"4":{"start":{"line":24,"column":0},"end":{"line":26,"column":1}},"5":{"start":{"line":25,"column":2},"end":{"line":25,"column":31}}},"branchMap":{"1":{"line":24,"type":"if","locations":[{"start":{"line":24,"column":0},"end":{"line":24,"column":0}},{"start":{"line":24,"column":0},"end":{"line":24,"column":0}}]}}}}