TN:
SF:/home/tawfik/Documents/repos/week3_espionageProject/javascript/test.js
FN:3,(anonymous_1)
FNF:1
FNH:1
FNDA:1,(anonymous_1)
DA:1,1
DA:2,1
DA:3,1
DA:4,1
DA:5,1
LF:5
LH:5
BRF:0
BRH:0
end_of_record
TN:
SF:/home/tawfik/Documents/repos/week3_espionageProject/javascript/logic-github.js
FN:2,(anonymous_1)
FN:5,(anonymous_2)
FN:11,(anonymous_3)
FN:15,(anonymous_4)
FN:18,(anonymous_5)
FNF:5
FNH:0
FNDA:0,(anonymous_1)
FNDA:0,(anonymous_2)
FNDA:0,(anonymous_3)
FNDA:0,(anonymous_4)
FNDA:0,(anonymous_5)
DA:1,1
DA:12,0
DA:16,0
DA:24,1
DA:25,1
LF:5
LH:3
BRDA:24,1,0,1
BRDA:24,1,1,0
BRF:2
BRH:1
end_of_record
